{"/Users/mis101bird/starwar-names/src/index.js":{"path":"/Users/mis101bird/starwar-names/src/index.js","s":{"1":1,"2":1,"3":1,"4":1,"5":1,"6":3,"7":1,"8":1,"9":0,"10":0,"11":1},"b":{},"f":{"1":1,"2":0},"fnMap":{"1":{"name":"randomArray","line":4,"loc":{"start":{"line":4,"column":0},"end":{"line":4,"column":29}}},"2":{"name":"dosomething","line":12,"loc":{"start":{"line":12,"column":0},"end":{"line":12,"column":24}}}},"statementMap":{"1":{"start":{"line":1,"column":0},"end":{"line":1,"column":41}},"2":{"start":{"line":2,"column":0},"end":{"line":2,"column":43}},"3":{"start":{"line":4,"column":0},"end":{"line":10,"column":1}},"4":{"start":{"line":5,"column":2},"end":{"line":5,"column":15}},"5":{"start":{"line":6,"column":2},"end":{"line":8,"column":3}},"6":{"start":{"line":7,"column":4},"end":{"line":7,"column":34}},"7":{"start":{"line":9,"column":2},"end":{"line":9,"column":13}},"8":{"start":{"line":12,"column":0},"end":{"line":15,"column":1}},"9":{"start":{"line":13,"column":2},"end":{"line":13,"column":19}},"10":{"start":{"line":14,"column":2},"end":{"line":14,"column":10}},"11":{"start":{"line":17,"column":0},"end":{"line":20,"column":1}}},"branchMap":{}}}